# JRE version: OpenJDK Runtime Environment (11.0.10) (build 11.0.10+0-b96-7249189)
# Java VM: OpenJDK 64-Bit Server VM (11.0.10+0-b96-7249189, mixed mode, tiered, compressed oops, g1 gc, windows-amd64)
Heap:
 garbage-first heap   total 114688K, used 17048K [0x0000000080000000, 0x0000000100000000)
  region size 1024K, 2 young (2048K), 2 survivors (2048K)
 Metaspace       used 22776K, capacity 23270K, committed 23424K, reserved 1077248K
  class space    used 2895K, capacity 3077K, committed 3200K, reserved 1048576K
GC Heap History (12 events):
Event: 2.924 GC heap before
{Heap before GC invocations=0 (full 0):
 garbage-first heap   total 114688K, used 19456K [0x0000000080000000, 0x0000000100000000)
  region size 1024K, 14 young (14336K), 0 survivors (0K)
 Metaspace       used 6743K, capacity 6925K, committed 7168K, reserved 1056768K
  class space    used 582K, capacity 650K, committed 768K, reserved 1048576K
}
Event: 2.939 GC heap after
{Heap after GC invocations=1 (full 0):
 garbage-first heap   total 114688K, used 7819K [0x0000000080000000, 0x0000000100000000)
  region size 1024K, 2 young (2048K), 2 survivors (2048K)
 Metaspace       used 6743K, capacity 6925K, committed 7168K, reserved 1056768K
  class space    used 582K, capacity 650K, committed 768K, reserved 1048576K
}
Event: 4.993 GC heap before
{Heap before GC invocations=1 (full 0):
 garbage-first heap   total 114688K, used 18059K [0x0000000080000000, 0x0000000100000000)
  region size 1024K, 12 young (12288K), 2 survivors (2048K)
 Metaspace       used 10209K, capacity 10427K, committed 10624K, reserved 1058816K
  class space    used 1064K, capacity 1141K, committed 1152K, reserved 1048576K
}
Event: 5.003 GC heap after
{Heap after GC invocations=2 (full 0):
 garbage-first heap   total 114688K, used 9249K [0x0000000080000000, 0x0000000100000000)
  region size 1024K, 2 young (2048K), 2 survivors (2048K)
 Metaspace       used 10209K, capacity 10427K, committed 10624K, reserved 1058816K
  class space    used 1064K, capacity 1141K, committed 1152K, reserved 1048576K
}
Event: 9.396 GC heap before
{Heap before GC invocations=2 (full 0):
 garbage-first heap   total 114688K, used 32801K [0x0000000080000000, 0x0000000100000000)
  region size 1024K, 25 young (25600K), 2 survivors (2048K)
 Metaspace       used 11128K, capacity 11380K, committed 11520K, reserved 1058816K
  class space    used 1165K, capacity 1245K, committed 1280K, reserved 1048576K
}
Event: 9.403 GC heap after
{Heap after GC invocations=3 (full 0):
 garbage-first heap   total 114688K, used 9726K [0x0000000080000000, 0x0000000100000000)
  region size 1024K, 2 young (2048K), 2 survivors (2048K)
 Metaspace       used 11128K, capacity 11380K, committed 11520K, reserved 1058816K
  class space    used 1165K, capacity 1245K, committed 1280K, reserved 1048576K
}
Event: 19.433 GC heap before
{Heap before GC invocations=3 (full 0):
 garbage-first heap   total 114688K, used 65022K [0x0000000080000000, 0x0000000100000000)
  region size 1024K, 56 young (57344K), 2 survivors (2048K)
 Metaspace       used 18785K, capacity 19171K, committed 19328K, reserved 1067008K
  class space    used 2248K, capacity 2405K, committed 2432K, reserved 1048576K
}
Event: 19.477 GC heap after
{Heap after GC invocations=4 (full 0):
 garbage-first heap   total 114688K, used 15933K [0x0000000080000000, 0x0000000100000000)
  region size 1024K, 7 young (7168K), 7 survivors (7168K)
 Metaspace       used 18785K, capacity 19171K, committed 19328K, reserved 1067008K
  class space    used 2248K, capacity 2405K, committed 2432K, reserved 1048576K
}
Event: 21.682 GC heap before
{Heap before GC invocations=4 (full 0):
 garbage-first heap   total 114688K, used 31293K [0x0000000080000000, 0x0000000100000000)
  region size 1024K, 23 young (23552K), 7 survivors (7168K)
 Metaspace       used 20628K, capacity 21096K, committed 21248K, reserved 1067008K
  class space    used 2505K, capacity 2690K, committed 2816K, reserved 1048576K
}
Event: 21.696 GC heap after
{Heap after GC invocations=5 (full 0):
 garbage-first heap   total 114688K, used 16549K [0x0000000080000000, 0x0000000100000000)
  region size 1024K, 1 young (1024K), 1 survivors (1024K)
 Metaspace       used 20628K, capacity 21096K, committed 21248K, reserved 1067008K
  class space    used 2505K, capacity 2690K, committed 2816K, reserved 1048576K
}
Event: 23.000 GC heap before
{Heap before GC invocations=6 (full 0):
 garbage-first heap   total 114688K, used 39077K [0x0000000080000000, 0x0000000100000000)
  region size 1024K, 24 young (24576K), 1 survivors (1024K)
 Metaspace       used 22776K, capacity 23270K, committed 23424K, reserved 1075200K
  class space    used 2895K, capacity 3077K, committed 3200K, reserved 1048576K
}
Event: 23.006 GC heap after
{Heap after GC invocations=7 (full 0):
 garbage-first heap   total 114688K, used 17048K [0x0000000080000000, 0x0000000100000000)
  region size 1024K, 2 young (2048K), 2 survivors (2048K)
 Metaspace       used 22776K, capacity 23270K, committed 23424K, reserved 1075200K
  class space    used 2895K, capacity 3077K, committed 3200K, reserved 1048576K
}

